Loading required package: JuliaCall
Loading required package: reticulate
Loading required package: devtools
Loading required package: optparse
Loading required package: devtools
Loading required package: dada2
Loading required package: ggplot2
Loading required package: ShortRead
Loading required package: reshape2
Warning messages:
1: In library(package, lib.loc = lib.loc, character.only = TRUE, logical.return = TRUE,  :
  there is no package called ‘devtools’
2: In library(package, lib.loc = lib.loc, character.only = TRUE, logical.return = TRUE,  :
  there is no package called ‘devtools’
3: In library(package, lib.loc = lib.loc, character.only = TRUE, logical.return = TRUE,  :
  there is no package called ‘dada2’
4: In library(package, lib.loc = lib.loc, character.only = TRUE, logical.return = TRUE,  :
  there is no package called ‘ShortRead’
Installing package into ‘/usr/local/lib/R/site-library’
(as ‘lib’ is unspecified)
also installing the dependencies ‘curl’, ‘gh’, ‘openssl’, ‘xml2’, ‘usethis’, ‘covr’, ‘httr’, ‘roxygen2’, ‘rversions’

trying URL 'https://cloud.r-project.org/src/contrib/curl_4.3.tar.gz'
Content type 'application/x-gzip' length 673779 bytes (657 KB)
==================================================
downloaded 657 KB

trying URL 'https://cloud.r-project.org/src/contrib/gh_1.1.0.tar.gz'
Content type 'application/x-gzip' length 29043 bytes (28 KB)
==================================================
downloaded 28 KB

trying URL 'https://cloud.r-project.org/src/contrib/openssl_1.4.2.tar.gz'
Content type 'application/x-gzip' length 1204168 bytes (1.1 MB)
==================================================
downloaded 1.1 MB

trying URL 'https://cloud.r-project.org/src/contrib/xml2_1.3.2.tar.gz'
Content type 'application/x-gzip' length 271876 bytes (265 KB)
==================================================
downloaded 265 KB

trying URL 'https://cloud.r-project.org/src/contrib/usethis_1.6.1.tar.gz'
Content type 'application/x-gzip' length 255052 bytes (249 KB)
==================================================
downloaded 249 KB

trying URL 'https://cloud.r-project.org/src/contrib/covr_3.5.0.tar.gz'
Content type 'application/x-gzip' length 146148 bytes (142 KB)
==================================================
downloaded 142 KB

trying URL 'https://cloud.r-project.org/src/contrib/httr_1.4.1.tar.gz'
Content type 'application/x-gzip' length 158465 bytes (154 KB)
==================================================
downloaded 154 KB

trying URL 'https://cloud.r-project.org/src/contrib/roxygen2_7.1.1.tar.gz'
Content type 'application/x-gzip' length 254118 bytes (248 KB)
==================================================
downloaded 248 KB

trying URL 'https://cloud.r-project.org/src/contrib/rversions_2.0.2.tar.gz'
Content type 'application/x-gzip' length 41558 bytes (40 KB)
==================================================
downloaded 40 KB

trying URL 'https://cloud.r-project.org/src/contrib/devtools_2.3.0.tar.gz'
Content type 'application/x-gzip' length 375227 bytes (366 KB)
==================================================
downloaded 366 KB

* installing *source* package ‘curl’ ...
** package ‘curl’ successfully unpacked and MD5 sums checked
** using staged installation
Package libcurl was not found in the pkg-config search path.
Perhaps you should add the directory containing `libcurl.pc'
to the PKG_CONFIG_PATH environment variable
No package 'libcurl' found
Package libcurl was not found in the pkg-config search path.
Perhaps you should add the directory containing `libcurl.pc'
to the PKG_CONFIG_PATH environment variable
No package 'libcurl' found
ERROR: configuration failed for package ‘curl’
* removing ‘/usr/local/lib/R/site-library/curl’
* installing *source* package ‘openssl’ ...
** package ‘openssl’ successfully unpacked and MD5 sums checked
** using staged installation
ERROR: configuration failed for package ‘openssl’
* removing ‘/usr/local/lib/R/site-library/openssl’
* installing *source* package ‘xml2’ ...
** package ‘xml2’ successfully unpacked and MD5 sums checked
** using staged installation
Package libxml-2.0 was not found in the pkg-config search path.
Perhaps you should add the directory containing `libxml-2.0.pc'
to the PKG_CONFIG_PATH environment variable
No package 'libxml-2.0' found
Package libxml-2.0 was not found in the pkg-config search path.
Perhaps you should add the directory containing `libxml-2.0.pc'
to the PKG_CONFIG_PATH environment variable
No package 'libxml-2.0' found
ERROR: configuration failed for package ‘xml2’
* removing ‘/usr/local/lib/R/site-library/xml2’
ERROR: dependencies ‘curl’, ‘openssl’ are not available for package ‘httr’
* removing ‘/usr/local/lib/R/site-library/httr’
ERROR: dependency ‘xml2’ is not available for package ‘roxygen2’
* removing ‘/usr/local/lib/R/site-library/roxygen2’
ERROR: dependencies ‘curl’, ‘xml2’ are not available for package ‘rversions’
* removing ‘/usr/local/lib/R/site-library/rversions’
ERROR: dependency ‘httr’ is not available for package ‘gh’
* removing ‘/usr/local/lib/R/site-library/gh’
ERROR: dependency ‘httr’ is not available for package ‘covr’
* removing ‘/usr/local/lib/R/site-library/covr’
ERROR: dependencies ‘curl’, ‘gh’ are not available for package ‘usethis’
* removing ‘/usr/local/lib/R/site-library/usethis’
ERROR: dependencies ‘usethis’, ‘covr’, ‘httr’, ‘roxygen2’, ‘rversions’ are not available for package ‘devtools’
* removing ‘/usr/local/lib/R/site-library/devtools’

The downloaded source packages are in
	‘/tmp/RtmpsDltDt/downloaded_packages’
Warning messages:
1: In install.packages("devtools") :
  installation of package ‘curl’ had non-zero exit status
2: In install.packages("devtools") :
  installation of package ‘openssl’ had non-zero exit status
3: In install.packages("devtools") :
  installation of package ‘xml2’ had non-zero exit status
4: In install.packages("devtools") :
  installation of package ‘httr’ had non-zero exit status
5: In install.packages("devtools") :
  installation of package ‘roxygen2’ had non-zero exit status
6: In install.packages("devtools") :
  installation of package ‘rversions’ had non-zero exit status
7: In install.packages("devtools") :
  installation of package ‘gh’ had non-zero exit status
8: In install.packages("devtools") :
  installation of package ‘covr’ had non-zero exit status
9: In install.packages("devtools") :
  installation of package ‘usethis’ had non-zero exit status
10: In install.packages("devtools") :
  installation of package ‘devtools’ had non-zero exit status
Error in loadNamespace(name) : there is no package called ‘devtools’
Calls: :: ... loadNamespace -> withRestarts -> withOneRestart -> doWithOneRestart
Execution halted
