Loading required package: JuliaCall
Loading required package: reticulate
Loading required package: devtools
Loading required package: optparse
Loading required package: dada2
Loading required package: ggplot2
Loading required package: ShortRead
Loading required package: reshape2
Warning messages:
1: In library(package, lib.loc = lib.loc, character.only = TRUE, logical.return = TRUE,  :
  there is no package called ‘devtools’
2: In library(package, lib.loc = lib.loc, character.only = TRUE, logical.return = TRUE,  :
  there is no package called ‘dada2’
3: In library(package, lib.loc = lib.loc, character.only = TRUE, logical.return = TRUE,  :
  there is no package called ‘ShortRead’
Bioconductor version 3.10 (BiocManager 1.30.10), R 3.6.3 (2020-02-29)
Installing package(s) 'dada2'
also installing the dependencies ‘Rhtslib’, ‘SummarizedExperiment’, ‘RCurl’, ‘Rsamtools’, ‘GenomicAlignments’, ‘GenomeInfoDb’, ‘GenomicRanges’, ‘ShortRead’

trying URL 'https://bioconductor.org/packages/3.10/bioc/src/contrib/Rhtslib_1.18.1.tar.gz'
Content type 'application/x-gzip' length 1471336 bytes (1.4 MB)
==================================================
downloaded 1.4 MB

trying URL 'https://bioconductor.org/packages/3.10/bioc/src/contrib/SummarizedExperiment_1.16.1.tar.gz'
Content type 'application/x-gzip' length 1518022 bytes (1.4 MB)
==================================================
downloaded 1.4 MB

trying URL 'https://cloud.r-project.org/src/contrib/RCurl_1.98-1.2.tar.gz'
Content type 'application/x-gzip' length 699583 bytes (683 KB)
==================================================
downloaded 683 KB

trying URL 'https://bioconductor.org/packages/3.10/bioc/src/contrib/Rsamtools_2.2.3.tar.gz'
Content type 'application/x-gzip' length 3034507 bytes (2.9 MB)
==================================================
downloaded 2.9 MB

trying URL 'https://bioconductor.org/packages/3.10/bioc/src/contrib/GenomicAlignments_1.22.1.tar.gz'
Content type 'application/x-gzip' length 2316288 bytes (2.2 MB)
==================================================
downloaded 2.2 MB

trying URL 'https://bioconductor.org/packages/3.10/bioc/src/contrib/GenomeInfoDb_1.22.1.tar.gz'
Content type 'application/x-gzip' length 3409252 bytes (3.3 MB)
==================================================
downloaded 3.3 MB

trying URL 'https://bioconductor.org/packages/3.10/bioc/src/contrib/GenomicRanges_1.38.0.tar.gz'
Content type 'application/x-gzip' length 1169872 bytes (1.1 MB)
==================================================
downloaded 1.1 MB

trying URL 'https://bioconductor.org/packages/3.10/bioc/src/contrib/ShortRead_1.44.3.tar.gz'
Content type 'application/x-gzip' length 5184026 bytes (4.9 MB)
==================================================
downloaded 4.9 MB

trying URL 'https://bioconductor.org/packages/3.10/bioc/src/contrib/dada2_1.14.1.tar.gz'
Content type 'application/x-gzip' length 1971318 bytes (1.9 MB)
==================================================
downloaded 1.9 MB

* installing *source* package ‘Rhtslib’ ...
** using non-staged installation via StagedInstall field
** libs
Makefile.Rhtslib:128: warning: overriding recipe for target '.c.o'
/usr/lib/R/etc/Makeconf:168: warning: ignoring old recipe for target '.c.o'
hfile_libcurl.c:45:10: fatal error: curl/curl.h: No such file or directory
 #include <curl/curl.h>
          ^~~~~~~~~~~~~
compilation terminated.
make[1]: *** [hfile_libcurl.o] Error 1
make: *** [htslib] Error 2
ERROR: compilation failed for package ‘Rhtslib’
* removing ‘/usr/local/lib/R/site-library/Rhtslib’
* installing *source* package ‘RCurl’ ...
** package ‘RCurl’ successfully unpacked and MD5 sums checked
** using staged installation
ERROR: configuration failed for package ‘RCurl’
* removing ‘/usr/local/lib/R/site-library/RCurl’
ERROR: dependency ‘RCurl’ is not available for package ‘GenomeInfoDb’
* removing ‘/usr/local/lib/R/site-library/GenomeInfoDb’
ERROR: dependency ‘GenomeInfoDb’ is not available for package ‘GenomicRanges’
* removing ‘/usr/local/lib/R/site-library/GenomicRanges’
ERROR: dependencies ‘GenomicRanges’, ‘GenomeInfoDb’ are not available for package ‘SummarizedExperiment’
* removing ‘/usr/local/lib/R/site-library/SummarizedExperiment’
ERROR: dependencies ‘GenomeInfoDb’, ‘GenomicRanges’, ‘Rhtslib’ are not available for package ‘Rsamtools’
* removing ‘/usr/local/lib/R/site-library/Rsamtools’
ERROR: dependencies ‘GenomeInfoDb’, ‘GenomicRanges’, ‘SummarizedExperiment’, ‘Rsamtools’ are not available for package ‘GenomicAlignments’
* removing ‘/usr/local/lib/R/site-library/GenomicAlignments’
ERROR: dependencies ‘Rsamtools’, ‘GenomicAlignments’, ‘GenomeInfoDb’, ‘GenomicRanges’ are not available for package ‘ShortRead’
* removing ‘/usr/local/lib/R/site-library/ShortRead’
ERROR: dependency ‘ShortRead’ is not available for package ‘dada2’
* removing ‘/usr/local/lib/R/site-library/dada2’

The downloaded source packages are in
	‘/tmp/RtmpbUoj2I/downloaded_packages’
Old packages: 'pillar', 'rlang', 'nlme'
Warning messages:
1: In install.packages(...) :
  installation of package ‘Rhtslib’ had non-zero exit status
2: In install.packages(...) :
  installation of package ‘RCurl’ had non-zero exit status
3: In install.packages(...) :
  installation of package ‘GenomeInfoDb’ had non-zero exit status
4: In install.packages(...) :
  installation of package ‘GenomicRanges’ had non-zero exit status
5: In install.packages(...) :
  installation of package ‘SummarizedExperiment’ had non-zero exit status
6: In install.packages(...) :
  installation of package ‘Rsamtools’ had non-zero exit status
7: In install.packages(...) :
  installation of package ‘GenomicAlignments’ had non-zero exit status
8: In install.packages(...) :
  installation of package ‘ShortRead’ had non-zero exit status
9: In install.packages(...) :
  installation of package ‘dada2’ had non-zero exit status
Error in library("dada2") : there is no package called ‘dada2’
Execution halted
